<?xml version="1.0" encoding="UTF-8"?>
<testng-results ignored="0" total="1" passed="1" failed="0" skipped="0">
  <reporter-output>
  </reporter-output>
  <suite started-at="2023-04-14T11:03:11 IST" name="All Test Suite" finished-at="2023-04-14T11:03:20 IST" duration-ms="8290">
    <groups>
    </groups>
    <test started-at="2023-04-14T11:03:11 IST" name="/Users/smitabose/IdeaProjects/TestNGExample/src/test/java/org/example/ParametersExample.java" finished-at="2023-04-14T11:03:20 IST" duration-ms="8290">
      <class name="org.example.ParametersExample">
        <test-method is-config="true" signature="setupDriver(java.lang.String,java.lang.String)[pri:0, instance:org.example.ParametersExample@7a4ccb53]" started-at="2023-04-14T11:03:11 IST" name="setupDriver" finished-at="2023-04-14T11:03:16 IST" duration-ms="4043" status="PASS">
          <params>
            <param index="0">
              <value>
                <![CDATA[safari]]>
              </value>
            </param>
            <param index="1">
              <value>
                <![CDATA[https://www.google.com/]]>
              </value>
            </param>
          </params>
          <reporter-output>
          </reporter-output>
        </test-method> <!-- setupDriver -->
        <test-method signature="getTitleFromHomePage()[pri:0, instance:org.example.ParametersExample@7a4ccb53]" started-at="2023-04-14T11:03:16 IST" name="getTitleFromHomePage" finished-at="2023-04-14T11:03:20 IST" duration-ms="3949" status="PASS">
          <reporter-output>
          </reporter-output>
        </test-method> <!-- getTitleFromHomePage -->
        <test-method is-config="true" signature="closeDriver()[pri:0, instance:org.example.ParametersExample@7a4ccb53]" started-at="2023-04-14T11:03:20 IST" name="closeDriver" finished-at="2023-04-14T11:03:20 IST" duration-ms="226" status="PASS">
          <reporter-output>
          </reporter-output>
        </test-method> <!-- closeDriver -->
      </class> <!-- org.example.ParametersExample -->
    </test> <!-- /Users/smitabose/IdeaProjects/TestNGExample/src/test/java/org/example/ParametersExample.java -->
  </suite> <!-- All Test Suite -->
</testng-results>
