<?xml version="1.0" encoding="UTF-8"?>
<!-- Generated by org.testng.reporters.JUnitXMLReporter -->
<testsuite ignored="0" hostname="Smitas-MacBook-Air.local" failures="0" tests="1" name="/Users/smitabose/IdeaProjects/TestNGExample/src/test/java/org/example/ParametersExample.java" time="8.29" errors="0" timestamp="2023-04-14T11:03:20 IST">
  <testcase classname="org.example.ParametersExample" name="getTitleFromHomePage" time="3.949"/>
</testsuite> <!-- /Users/smitabose/IdeaProjects/TestNGExample/src/test/java/org/example/ParametersExample.java -->
